<?xml version="1.0" encoding="UTF-8"?>
<!-- Generated by org.testng.reporters.JUnitReportReporter -->
<testsuite hostname="DESKTOP-DRGB0KL" failures="0" tests="3" name="testNG.TimeoutTest" time="0.531" errors="0" timestamp="2024-02-13T14:49:41 IST" skipped="0">
  <testcase classname="testNG.TimeoutTest" name="Test3" time="0.003"/>
  <testcase classname="testNG.TimeoutTest" name="Test1" time="0.524"/>
  <testcase classname="testNG.TimeoutTest" name="Test2" time="0.004"/>
</testsuite> <!-- testNG.TimeoutTest -->
