<?xml version="1.0" encoding="UTF-8"?>
<!-- Generated by org.testng.reporters.JUnitReportReporter -->
<testsuite hostname="DESKTOP-DRGB0KL" failures="0" tests="3" name="testNG.ParallelTest" time="0.025" errors="0" timestamp="2024-02-13T14:38:50 IST" skipped="0">
  <testcase classname="testNG.ParallelTest" name="Test1" time="0.012"/>
  <testcase classname="testNG.ParallelTest" name="Test3" time="0.001"/>
  <testcase classname="testNG.ParallelTest" name="Test2" time="0.012"/>
</testsuite> <!-- testNG.ParallelTest -->
