<?xml version="1.0" encoding="UTF-8"?>
<!-- Generated by org.testng.reporters.JUnitReportReporter -->
<testsuite hostname="DESKTOP-DRGB0KL" failures="0" tests="1" name="testNG.AdactTestng" time="7.667" errors="0" timestamp="2024-02-15T10:32:40 IST" skipped="0">
  <testcase classname="testNG.AdactTestng" name="searchHotel" time="7.667"/>
</testsuite> <!-- testNG.AdactTestng -->
