<?xml version="1.0" encoding="UTF-8"?>
<!-- Generated by org.testng.reporters.JUnitReportReporter -->
<testsuite hostname="DESKTOP-DRGB0KL" failures="0" tests="12" name="testNG.InvocationCount" time="0.030" errors="0" timestamp="2024-02-13T14:17:34 IST" skipped="0">
  <testcase classname="testNG.InvocationCount" name="Method1" time="0.008"/>
  <testcase classname="testNG.InvocationCount" name="Method2" time="0.001"/>
  <testcase classname="testNG.InvocationCount" name="Method3" time="0.001"/>
  <testcase classname="testNG.InvocationCount" name="Method1" time="0.002"/>
  <testcase classname="testNG.InvocationCount" name="Method1" time="0.001"/>
  <testcase classname="testNG.InvocationCount" name="Method1" time="0.011"/>
  <testcase classname="testNG.InvocationCount" name="Method1" time="0.001"/>
  <testcase classname="testNG.InvocationCount" name="Method1" time="0.001"/>
  <testcase classname="testNG.InvocationCount" name="Method1" time="0.001"/>
  <testcase classname="testNG.InvocationCount" name="Method1" time="0.001"/>
  <testcase classname="testNG.InvocationCount" name="Method1" time="0.001"/>
  <testcase classname="testNG.InvocationCount" name="Method1" time="0.001"/>
</testsuite> <!-- testNG.InvocationCount -->
