<?xml version="1.0" encoding="UTF-8"?>
<!-- Generated by org.testng.reporters.JUnitReportReporter -->
<testsuite hostname="DESKTOP-DRGB0KL" failures="0" tests="2" name="testNG.TestNg" time="0.009" errors="0" timestamp="2024-02-06T16:43:19 IST" skipped="0">
  <testcase classname="testNG.TestNg" name="searchTshirt" time="0.002"/>
  <testcase classname="testNG.TestNg" name="SearchJeans" time="0.007"/>
</testsuite> <!-- testNG.TestNg -->
