<?xml version="1.0" encoding="UTF-8"?>
<!-- Generated by org.testng.reporters.JUnitReportReporter -->
<testsuite hostname="DESKTOP-DRGB0KL" failures="0" tests="5" name="testNG.DependsOnMethods" time="0.016" errors="0" timestamp="2024-02-13T14:53:14 IST" skipped="0">
  <testcase classname="testNG.DependsOnMethods" name="FbLogin" time="0.001"/>
  <testcase classname="testNG.DependsOnMethods" name="Subtraction" time="0.001"/>
  <testcase classname="testNG.DependsOnMethods" name="Gmail" time="0.011"/>
  <testcase classname="testNG.DependsOnMethods" name="addition" time="0.001"/>
  <testcase classname="testNG.DependsOnMethods" name="InstaLogin" time="0.002"/>
</testsuite> <!-- testNG.DependsOnMethods -->
