<?xml version="1.0" encoding="UTF-8"?>
<!-- Generated by org.testng.reporters.JUnitReportReporter -->
<testsuite hostname="DESKTOP-DRGB0KL" failures="0" tests="3" name="testNG.ArithmaticException" time="0.020" errors="0" timestamp="2024-02-13T15:29:09 IST" skipped="0">
  <testcase classname="testNG.ArithmaticException" name="Multiply" time="0.001"/>
  <testcase classname="testNG.ArithmaticException" name="Addition" time="0.018"/>
  <testcase classname="testNG.ArithmaticException" name="Subtraction" time="0.001"/>
</testsuite> <!-- testNG.ArithmaticException -->
