<?xml version="1.0" encoding="UTF-8"?>
<!-- Generated by org.testng.reporters.JUnitReportReporter -->
<testsuite hostname="DESKTOP-DRGB0KL" failures="0" tests="4" name="testNG.PriorityTest" time="0.015" errors="0" timestamp="2024-02-09T10:04:43 IST" skipped="1">
  <testcase classname="testNG.PriorityTest" name="Jungle" time="0.001"/>
  <testcase classname="testNG.PriorityTest" name="Eagle" time="0.011"/>
  <testcase classname="testNG.PriorityTest" name="Peacock" time="0.003"/>
  <testcase classname="testNG.PriorityTest" name="Lion">
    <skipped/>
  </testcase> <!-- Lion -->
</testsuite> <!-- testNG.PriorityTest -->
